<<<<<<< Updated upstream
﻿  mainfunc.cpp
  TextEditor.cpp
  Generating Code...
  FortIDE.vcxproj -> C:\Users\Peyton\Documents\dev\FortIDE\x64\Debug\FortIDE.exe
  'pwsh.exe' is not recognized as an internal or external command,
  operable program or batch file.
=======
﻿  TextEditor.cpp
  imgui_demo.cpp
  main.cpp
C:\Users\Peyton\Documents\dev\FortIDE\main.cpp(45,44): warning C4267: 'argument': conversion from 'size_t' to 'int', possible loss of data
C:\Users\Peyton\Documents\dev\FortIDE\main.cpp(117,22): warning C4834: discarding return value of function with [[nodiscard]] attribute
  Config.cpp
  ErrorListener.cpp
  Fortran90Lexer.cpp
  Fortran90LexerBase.cpp
  Fortran90Parser.cpp
  Fortran90ParserBaseListener.cpp
  Fortran90ParserBaseVisitor.cpp
  Fortran90ParserListener.cpp
  Fortran90ParserVisitor.cpp
  FileTree.cpp
  c_Parser.cpp
  f_MainMenu.cpp
C:\Users\Peyton\Documents\dev\FortIDE\mainfunc\f_MainMenu.cpp(124,38): warning C4244: 'argument': conversion from 'unsigned int' to 'float', possible loss of data
C:\Users\Peyton\Documents\dev\FortIDE\mainfunc\f_MainMenu.cpp(233,22): warning C4834: discarding return value of function with [[nodiscard]] attribute
  mainfunc.cpp
  nfd_win.cpp
  s_Parser.cpp
  Generating Code...
LINK : fatal error LNK1104: cannot open file 'antlr4-runtime.lib'
>>>>>>> Stashed changes
