c:\users\peyton\documents\dev\fortide\fortide\x64\debug\vc143.pdb
c:\users\peyton\documents\dev\fortide\fortide\x64\debug\vc143.idb
c:\users\peyton\documents\dev\fortide\fortide\x64\debug\s_parser.obj
c:\users\peyton\documents\dev\fortide\fortide\x64\debug\nfd_win.obj
c:\users\peyton\documents\dev\fortide\fortide\x64\debug\mainfunc.obj
c:\users\peyton\documents\dev\fortide\fortide\x64\debug\f_mainmenu.obj
c:\users\peyton\documents\dev\fortide\fortide\x64\debug\filetree.obj
c:\users\peyton\documents\dev\fortide\fortide\x64\debug\fortran90parservisitor.obj
c:\users\peyton\documents\dev\fortide\fortide\x64\debug\fortran90parserlistener.obj
c:\users\peyton\documents\dev\fortide\fortide\x64\debug\fortran90parserbasevisitor.obj
c:\users\peyton\documents\dev\fortide\fortide\x64\debug\fortran90parserbaselistener.obj
c:\users\peyton\documents\dev\fortide\fortide\x64\debug\fortran90parser.obj
c:\users\peyton\documents\dev\fortide\fortide\x64\debug\fortran90lexerbase.obj
c:\users\peyton\documents\dev\fortide\fortide\x64\debug\fortran90lexer.obj
c:\users\peyton\documents\dev\fortide\fortide\x64\debug\errorlistener.obj
c:\users\peyton\documents\dev\fortide\fortide\x64\debug\c_parser.obj
c:\users\peyton\documents\dev\fortide\fortide\x64\debug\config.obj
c:\users\peyton\documents\dev\fortide\fortide\x64\debug\texteditor.obj
c:\users\peyton\documents\dev\fortide\fortide\x64\debug\main.obj
c:\users\peyton\documents\dev\fortide\fortide\x64\debug\imgui_widgets.obj
c:\users\peyton\documents\dev\fortide\fortide\x64\debug\imgui_tables.obj
c:\users\peyton\documents\dev\fortide\fortide\x64\debug\imgui_draw.obj
c:\users\peyton\documents\dev\fortide\fortide\x64\debug\imgui_demo.obj
c:\users\peyton\documents\dev\fortide\fortide\x64\debug\imgui.obj
c:\users\peyton\documents\dev\fortide\fortide\x64\debug\imgui-sfml.obj
c:\users\peyton\documents\dev\fortide\fortide\x64\debug\tinyxml2.obj
c:\users\peyton\documents\dev\fortide\fortide\x64\debug\nfd_common.obj
c:\users\peyton\documents\dev\fortide\x64\debug\antlr4-runtime.dll
c:\users\peyton\documents\dev\fortide\x64\debug\sfml-graphics-d-2.dll
c:\users\peyton\documents\dev\fortide\x64\debug\sfml-window-d-2.dll
c:\users\peyton\documents\dev\fortide\x64\debug\sfml-system-d-2.dll
c:\users\peyton\documents\dev\fortide\x64\debug\freetyped.dll
c:\users\peyton\documents\dev\fortide\x64\debug\zlibd1.dll
c:\users\peyton\documents\dev\fortide\x64\debug\bz2d.dll
c:\users\peyton\documents\dev\fortide\x64\debug\libpng16d.dll
c:\users\peyton\documents\dev\fortide\x64\debug\brotlidec.dll
c:\users\peyton\documents\dev\fortide\x64\debug\brotlicommon.dll
c:\users\peyton\documents\dev\fortide\x64\debug\boost_filesystem-vc144-mt-gd-x64-1_85.dll
c:\users\peyton\documents\dev\fortide\x64\debug\tinyxml2.dll
c:\users\peyton\documents\dev\fortide\fortide\x64\debug\fortide.ilk
c:\users\peyton\documents\dev\fortide\fortide\x64\debug\config.nativecodeanalysis.xml
c:\users\peyton\documents\dev\fortide\fortide\x64\debug\c_parser.nativecodeanalysis.xml
c:\users\peyton\documents\dev\fortide\fortide\x64\debug\errorlistener.nativecodeanalysis.xml
c:\users\peyton\documents\dev\fortide\fortide\x64\debug\filetree.nativecodeanalysis.xml
c:\users\peyton\documents\dev\fortide\fortide\x64\debug\fortran90lexer.nativecodeanalysis.xml
c:\users\peyton\documents\dev\fortide\fortide\x64\debug\fortran90lexerbase.nativecodeanalysis.xml
c:\users\peyton\documents\dev\fortide\fortide\x64\debug\fortran90parser.nativecodeanalysis.xml
c:\users\peyton\documents\dev\fortide\fortide\x64\debug\fortran90parserbaselistener.nativecodeanalysis.xml
c:\users\peyton\documents\dev\fortide\fortide\x64\debug\fortran90parserbasevisitor.nativecodeanalysis.xml
c:\users\peyton\documents\dev\fortide\fortide\x64\debug\fortran90parserlistener.nativecodeanalysis.xml
c:\users\peyton\documents\dev\fortide\fortide\x64\debug\fortran90parservisitor.nativecodeanalysis.xml
c:\users\peyton\documents\dev\fortide\fortide\x64\debug\f_mainmenu.nativecodeanalysis.xml
c:\users\peyton\documents\dev\fortide\fortide\x64\debug\main.nativecodeanalysis.xml
c:\users\peyton\documents\dev\fortide\fortide\x64\debug\mainfunc.nativecodeanalysis.xml
c:\users\peyton\documents\dev\fortide\fortide\x64\debug\nfd_common.nativecodeanalysis.xml
c:\users\peyton\documents\dev\fortide\fortide\x64\debug\nfd_win.nativecodeanalysis.xml
c:\users\peyton\documents\dev\fortide\fortide\x64\debug\s_parser.nativecodeanalysis.xml
c:\users\peyton\documents\dev\fortide\fortide\x64\debug\texteditor.nativecodeanalysis.xml
c:\users\peyton\documents\dev\fortide\fortide\x64\debug\vc.nativecodeanalysis.all.xml
c:\users\peyton\documents\dev\fortide\x64\debug\fortide.pdb
c:\users\peyton\documents\dev\fortide\fortide\x64\debug\fortide.tlog\cl.command.1.tlog
c:\users\peyton\documents\dev\fortide\fortide\x64\debug\fortide.tlog\cl.items.tlog
c:\users\peyton\documents\dev\fortide\fortide\x64\debug\fortide.tlog\cl.read.1.tlog
c:\users\peyton\documents\dev\fortide\fortide\x64\debug\fortide.tlog\cl.write.1.tlog
c:\users\peyton\documents\dev\fortide\fortide\x64\debug\fortide.tlog\fortide.write.1u.tlog
c:\users\peyton\documents\dev\fortide\fortide\x64\debug\fortide.tlog\link-cvtres.read.1.tlog
c:\users\peyton\documents\dev\fortide\fortide\x64\debug\fortide.tlog\link-cvtres.write.1.tlog
c:\users\peyton\documents\dev\fortide\fortide\x64\debug\fortide.tlog\link-rc.read.1.tlog
c:\users\peyton\documents\dev\fortide\fortide\x64\debug\fortide.tlog\link-rc.write.1.tlog
c:\users\peyton\documents\dev\fortide\fortide\x64\debug\fortide.tlog\link.16128.read.1.tlog
c:\users\peyton\documents\dev\fortide\fortide\x64\debug\fortide.tlog\link.16128.read.2.tlog
c:\users\peyton\documents\dev\fortide\fortide\x64\debug\fortide.tlog\link.16128.write.1.tlog
c:\users\peyton\documents\dev\fortide\fortide\x64\debug\fortide.tlog\link.command.1.tlog
c:\users\peyton\documents\dev\fortide\fortide\x64\debug\fortide.tlog\link.read.1.tlog
c:\users\peyton\documents\dev\fortide\fortide\x64\debug\fortide.tlog\link.read.2.tlog
c:\users\peyton\documents\dev\fortide\fortide\x64\debug\fortide.tlog\link.read.3.tlog
c:\users\peyton\documents\dev\fortide\fortide\x64\debug\fortide.tlog\link.secondary.1.tlog
c:\users\peyton\documents\dev\fortide\fortide\x64\debug\fortide.tlog\link.write.1.tlog
