c:\users\peyton\documents\dev\fortide2\fortide\x64\release\vc143.pdb
c:\users\peyton\documents\dev\fortide2\fortide\x64\release\tabitem.obj
c:\users\peyton\documents\dev\fortide2\fortide\x64\release\nfd_win.obj
c:\users\peyton\documents\dev\fortide2\fortide\x64\release\mainfunc.obj
c:\users\peyton\documents\dev\fortide2\fortide\x64\release\main.obj
c:\users\peyton\documents\dev\fortide2\fortide\x64\release\gitctrl.obj
c:\users\peyton\documents\dev\fortide2\fortide\x64\release\nfd_common.obj
c:\users\peyton\documents\dev\fortide2\x64\release\boost_filesystem-vc143-mt-x64-1_84.dll
c:\users\peyton\documents\dev\fortide2\x64\release\sfml-graphics-2.dll
c:\users\peyton\documents\dev\fortide2\x64\release\sfml-window-2.dll
c:\users\peyton\documents\dev\fortide2\x64\release\sfml-system-2.dll
c:\users\peyton\documents\dev\fortide2\x64\release\freetype.dll
c:\users\peyton\documents\dev\fortide2\x64\release\zlib1.dll
c:\users\peyton\documents\dev\fortide2\x64\release\bz2.dll
c:\users\peyton\documents\dev\fortide2\x64\release\libpng16.dll
c:\users\peyton\documents\dev\fortide2\x64\release\brotlidec.dll
c:\users\peyton\documents\dev\fortide2\x64\release\brotlicommon.dll
c:\users\peyton\documents\dev\fortide2\x64\release\fortide.exe
c:\users\peyton\documents\dev\fortide2\x64\release\fortide.pdb
c:\users\peyton\documents\dev\fortide2\fortide\x64\release\fortide.ipdb
c:\users\peyton\documents\dev\fortide2\fortide\x64\release\fortide.iobj
c:\users\peyton\documents\dev\fortide2\fortide\x64\release\maineditor.obj
c:\users\peyton\documents\dev\fortide2\fortide\x64\release\fortide.tlog\cl.command.1.tlog
c:\users\peyton\documents\dev\fortide2\fortide\x64\release\fortide.tlog\cl.items.tlog
c:\users\peyton\documents\dev\fortide2\fortide\x64\release\fortide.tlog\cl.read.1.tlog
c:\users\peyton\documents\dev\fortide2\fortide\x64\release\fortide.tlog\cl.write.1.tlog
c:\users\peyton\documents\dev\fortide2\fortide\x64\release\fortide.tlog\fortide.write.1u.tlog
c:\users\peyton\documents\dev\fortide2\fortide\x64\release\fortide.tlog\link.command.1.tlog
c:\users\peyton\documents\dev\fortide2\fortide\x64\release\fortide.tlog\link.read.1.tlog
c:\users\peyton\documents\dev\fortide2\fortide\x64\release\fortide.tlog\link.secondary.1.tlog
c:\users\peyton\documents\dev\fortide2\fortide\x64\release\fortide.tlog\link.write.1.tlog
