  TextEditor.cpp
  main.cpp
  Please define _WIN32_WINNT or _WIN32_WINDOWS appropriately. For example:
  - add -D_WIN32_WINNT=0x0601 to the compiler command line; or
  - add _WIN32_WINNT=0x0601 to your project's Preprocessor Definitions.
  Assuming _WIN32_WINNT=0x0601 (i.e. Windows 7 target).
C:\Users\Peyton\Documents\dev\FortIDE2\main.cpp(49,10): warning C4101: 'buf': unreferenced local variable
  FileTree.cpp
  f_MainMenu.cpp
  Please define _WIN32_WINNT or _WIN32_WINDOWS appropriately. For example:
  - add -D_WIN32_WINNT=0x0601 to the compiler command line; or
  - add _WIN32_WINNT=0x0601 to your project's Preprocessor Definitions.
  Assuming _WIN32_WINNT=0x0601 (i.e. Windows 7 target).
C:\Users\Peyton\Documents\dev\FortIDE2\mainfunc\f_MainMenu.cpp(18,38): warning C4244: 'argument': conversion from 'unsigned int' to 'float', possible loss of data
  mainfunc.cpp
  Please define _WIN32_WINNT or _WIN32_WINDOWS appropriately. For example:
  - add -D_WIN32_WINNT=0x0601 to the compiler command line; or
  - add _WIN32_WINNT=0x0601 to your project's Preprocessor Definitions.
  Assuming _WIN32_WINNT=0x0601 (i.e. Windows 7 target).
  nfd_win.cpp
  nfd_common.c
  Generating code
  131 of 3480 functions ( 3.8%) were compiled, the rest were copied from previous compilation.
    120 functions were new in current compilation
    100 functions had inline decision re-evaluated but remain unchanged
  Finished generating code
  FortIDE.vcxproj -> C:\Users\Peyton\Documents\dev\FortIDE2\x64\Release\FortIDE.exe
  'pwsh.exe' is not recognized as an internal or external command,
  operable program or batch file.
