  ANTLRErrorListener.cpp
  ANTLRErrorStrategy.cpp
  ANTLRFileStream.cpp
  ANTLRInputStream.cpp
  ActionTransition.cpp
  AmbiguityInfo.cpp
  ArrayPredictionContext.cpp
  ATN.cpp
  ATNConfig.cpp
  ATNConfigSet.cpp
  ATNDeserializationOptions.cpp
  ATNDeserializer.cpp
  ATNSimulator.cpp
  ATNState.cpp
  AtomTransition.cpp
  ContextSensitivityInfo.cpp
  DecisionEventInfo.cpp
  DecisionInfo.cpp
  DecisionState.cpp
  EpsilonTransition.cpp
  ErrorInfo.cpp
  LexerAction.cpp
  LexerActionExecutor.cpp
  LexerATNConfig.cpp
  LexerATNSimulator.cpp
  LexerChannelAction.cpp
  LexerCustomAction.cpp
  LexerIndexedCustomAction.cpp
  LexerModeAction.cpp
  LexerMoreAction.cpp
  LexerPopModeAction.cpp
  LexerPushModeAction.cpp
  LexerSkipAction.cpp
  LexerTypeAction.cpp
  LL1Analyzer.cpp
  LookaheadEventInfo.cpp
  NotSetTransition.cpp
  OrderedATNConfigSet.cpp
  ParseInfo.cpp
  ParserATNSimulator.cpp
  PrecedencePredicateTransition.cpp
  PredicateEvalInfo.cpp
  PredicateTransition.cpp
  PredictionContext.cpp
  PredictionContextCache.cpp
  PredictionContextMergeCache.cpp
  PredictionMode.cpp
  ProfilingATNSimulator.cpp
  RangeTransition.cpp
  RuleTransition.cpp
  SemanticContext.cpp
  SetTransition.cpp
  SingletonPredictionContext.cpp
  StarLoopbackState.cpp
  Transition.cpp
  WildcardTransition.cpp
  BailErrorStrategy.cpp
  BaseErrorListener.cpp
  BufferedTokenStream.cpp
  CharStream.cpp
  CommonToken.cpp
  CommonTokenFactory.cpp
  CommonTokenStream.cpp
  ConsoleErrorListener.cpp
  DefaultErrorStrategy.cpp
  DFA.cpp
  DFASerializer.cpp
  DFAState.cpp
  LexerDFASerializer.cpp
  DiagnosticErrorListener.cpp
  Exceptions.cpp
  FailedPredicateException.cpp
  InputMismatchException.cpp
  Synchronization.cpp
  InterpreterRuleContext.cpp
  IntStream.cpp
  Lexer.cpp
  LexerInterpreter.cpp
  LexerNoViableAltException.cpp
  ListTokenSource.cpp
  InterpreterDataReader.cpp
  Interval.cpp
  IntervalSet.cpp
  MurmurHash.cpp
  Predicate.cpp
  NoViableAltException.cpp
  Parser.cpp
  ParserInterpreter.cpp
  ParserRuleContext.cpp
  ProxyErrorListener.cpp
  RecognitionException.cpp
  Recognizer.cpp
  RuleContext.cpp
  RuleContextWithAltNum.cpp
  RuntimeMetaData.cpp
  Any.cpp
  Arrays.cpp
  CPPUtils.cpp
  StringUtils.cpp
  Utf8.cpp
  Token.cpp
  TokenSource.cpp
  TokenStream.cpp
  TokenStreamRewriter.cpp
  ErrorNodeImpl.cpp
  IterativeParseTreeWalker.cpp
  ParseTree.cpp
  ParseTreeListener.cpp
  ParseTreeVisitor.cpp
  ParseTreeWalker.cpp
  Chunk.cpp
  ParseTreeMatch.cpp
  ParseTreePattern.cpp
  ParseTreePatternMatcher.cpp
  RuleTagToken.cpp
  TagChunk.cpp
  TextChunk.cpp
  TokenTagToken.cpp
  TerminalNodeImpl.cpp
  Trees.cpp
  XPath.cpp
  XPathElement.cpp
  XPathLexer.cpp
  XPathLexerErrorListener.cpp
  XPathRuleAnywhereElement.cpp
  XPathRuleElement.cpp
  XPathTokenAnywhereElement.cpp
  XPathTokenElement.cpp
  XPathWildcardAnywhereElement.cpp
  XPathWildcardElement.cpp
  UnbufferedCharStream.cpp
  UnbufferedTokenStream.cpp
  Vocabulary.cpp
  WritableToken.cpp
  LINK : C:\Users\Peyton\Documents\dev\FortIDE\x64\Debug\antlr4-runtime.dll not found or not built by the last incremental link; performing full link
     Creating library C:\Users\Peyton\Documents\dev\FortIDE\x64\Debug\antlr4-runtime.lib and object C:\Users\Peyton\Documents\dev\FortIDE\x64\Debug\antlr4-runtime.exp
  antlr4cpp-vs2022.vcxproj -> C:\Users\Peyton\Documents\dev\FortIDE\x64\Debug\antlr4-runtime.dll
  'pwsh.exe' is not recognized as an internal or external command,
  operable program or batch file.
