c:\users\peyton\documents\dev\fortide\obj\x64\debug dll\antlr4cpp-vs2022\antlrfilestream.obj
c:\users\peyton\documents\dev\fortide\obj\x64\debug dll\antlr4cpp-vs2022\atndeserializer.obj
c:\users\peyton\documents\dev\fortide\obj\x64\debug dll\antlr4cpp-vs2022\lexeratnconfig.obj
c:\users\peyton\documents\dev\fortide\obj\x64\debug dll\antlr4cpp-vs2022\lexerpushmodeaction.obj
c:\users\peyton\documents\dev\fortide\obj\x64\debug dll\antlr4cpp-vs2022\parseratnsimulator.obj
c:\users\peyton\documents\dev\fortide\obj\x64\debug dll\antlr4cpp-vs2022\ruletransition.obj
c:\users\peyton\documents\dev\fortide\obj\x64\debug dll\antlr4cpp-vs2022\bailerrorstrategy.obj
c:\users\peyton\documents\dev\fortide\obj\x64\debug dll\antlr4cpp-vs2022\defaulterrorstrategy.obj
c:\users\peyton\documents\dev\fortide\obj\x64\debug dll\antlr4cpp-vs2022\interpreterrulecontext.obj
c:\users\peyton\documents\dev\fortide\obj\x64\debug dll\antlr4cpp-vs2022\interpreterdatareader.obj
c:\users\peyton\documents\dev\fortide\obj\x64\debug dll\antlr4cpp-vs2022\recognitionexception.obj
c:\users\peyton\documents\dev\fortide\obj\x64\debug dll\antlr4cpp-vs2022\cpputils.obj
c:\users\peyton\documents\dev\fortide\obj\x64\debug dll\antlr4cpp-vs2022\iterativeparsetreewalker.obj
c:\users\peyton\documents\dev\fortide\obj\x64\debug dll\antlr4cpp-vs2022\parsetreepatternmatcher.obj
c:\users\peyton\documents\dev\fortide\obj\x64\debug dll\antlr4cpp-vs2022\xpathruleanywhereelement.obj
c:\users\peyton\documents\dev\fortide\obj\x64\debug dll\antlr4cpp-vs2022\unbufferedcharstream.obj
c:\users\peyton\documents\dev\fortide\obj\x64\debug dll\antlr4cpp-vs2022\arraypredictioncontext.obj
c:\users\peyton\documents\dev\fortide\obj\x64\debug dll\antlr4cpp-vs2022\atomtransition.obj
c:\users\peyton\documents\dev\fortide\obj\x64\debug dll\antlr4cpp-vs2022\epsilontransition.obj
c:\users\peyton\documents\dev\fortide\obj\x64\debug dll\antlr4cpp-vs2022\lexercustomaction.obj
c:\users\peyton\documents\dev\fortide\obj\x64\debug dll\antlr4cpp-vs2022\ll1analyzer.obj
c:\users\peyton\documents\dev\fortide\obj\x64\debug dll\antlr4cpp-vs2022\predictioncontextcache.obj
c:\users\peyton\documents\dev\fortide\obj\x64\debug dll\antlr4cpp-vs2022\settransition.obj
c:\users\peyton\documents\dev\fortide\obj\x64\debug dll\antlr4cpp-vs2022\bufferedtokenstream.obj
c:\users\peyton\documents\dev\fortide\obj\x64\debug dll\antlr4cpp-vs2022\dfastate.obj
c:\users\peyton\documents\dev\fortide\obj\x64\debug dll\antlr4cpp-vs2022\lexerinterpreter.obj
c:\users\peyton\documents\dev\fortide\obj\x64\debug dll\antlr4cpp-vs2022\parserinterpreter.obj
c:\users\peyton\documents\dev\fortide\obj\x64\debug dll\antlr4cpp-vs2022\arrays.obj
c:\users\peyton\documents\dev\fortide\obj\x64\debug dll\antlr4cpp-vs2022\errornodeimpl.obj
c:\users\peyton\documents\dev\fortide\obj\x64\debug dll\antlr4cpp-vs2022\parsetreepattern.obj
c:\users\peyton\documents\dev\fortide\obj\x64\debug dll\antlr4cpp-vs2022\xpath.obj
c:\users\peyton\documents\dev\fortide\obj\x64\debug dll\antlr4cpp-vs2022\writabletoken.obj
c:\users\peyton\documents\dev\fortide\obj\x64\debug dll\antlr4cpp-vs2022\antlrerrorlistener.obj
c:\users\peyton\documents\dev\fortide\obj\x64\debug dll\antlr4cpp-vs2022\atndeserializationoptions.obj
c:\users\peyton\documents\dev\fortide\obj\x64\debug dll\antlr4cpp-vs2022\decisioneventinfo.obj
c:\users\peyton\documents\dev\fortide\obj\x64\debug dll\antlr4cpp-vs2022\lexeratnsimulator.obj
c:\users\peyton\documents\dev\fortide\obj\x64\debug dll\antlr4cpp-vs2022\orderedatnconfigset.obj
c:\users\peyton\documents\dev\fortide\obj\x64\debug dll\antlr4cpp-vs2022\predictioncontextmergecache.obj
c:\users\peyton\documents\dev\fortide\obj\x64\debug dll\antlr4cpp-vs2022\singletonpredictioncontext.obj
c:\users\peyton\documents\dev\fortide\obj\x64\debug dll\antlr4cpp-vs2022\commontokenfactory.obj
c:\users\peyton\documents\dev\fortide\obj\x64\debug dll\antlr4cpp-vs2022\lexerdfaserializer.obj
c:\users\peyton\documents\dev\fortide\obj\x64\debug dll\antlr4cpp-vs2022\inputmismatchexception.obj
c:\users\peyton\documents\dev\fortide\obj\x64\debug dll\antlr4cpp-vs2022\murmurhash.obj
c:\users\peyton\documents\dev\fortide\obj\x64\debug dll\antlr4cpp-vs2022\proxyerrorlistener.obj
c:\users\peyton\documents\dev\fortide\obj\x64\debug dll\antlr4cpp-vs2022\runtimemetadata.obj
c:\users\peyton\documents\dev\fortide\obj\x64\debug dll\antlr4cpp-vs2022\tokensource.obj
c:\users\peyton\documents\dev\fortide\obj\x64\debug dll\antlr4cpp-vs2022\parsetreewalker.obj
c:\users\peyton\documents\dev\fortide\obj\x64\debug dll\antlr4cpp-vs2022\terminalnodeimpl.obj
c:\users\peyton\documents\dev\fortide\obj\x64\debug dll\antlr4cpp-vs2022\xpathtokenanywhereelement.obj
c:\users\peyton\documents\dev\fortide\obj\x64\debug dll\antlr4cpp-vs2022\vocabulary.obj
c:\users\peyton\documents\dev\fortide\obj\x64\debug dll\antlr4cpp-vs2022\atn.obj
c:\users\peyton\documents\dev\fortide\obj\x64\debug dll\antlr4cpp-vs2022\contextsensitivityinfo.obj
c:\users\peyton\documents\dev\fortide\obj\x64\debug dll\antlr4cpp-vs2022\lexeraction.obj
c:\users\peyton\documents\dev\fortide\obj\x64\debug dll\antlr4cpp-vs2022\lexermodeaction.obj
c:\users\peyton\documents\dev\fortide\obj\x64\debug dll\antlr4cpp-vs2022\lexertypeaction.obj
c:\users\peyton\documents\dev\fortide\obj\x64\debug dll\antlr4cpp-vs2022\predictioncontext.obj
c:\users\peyton\documents\dev\fortide\obj\x64\debug dll\antlr4cpp-vs2022\starloopbackstate.obj
c:\users\peyton\documents\dev\fortide\obj\x64\debug dll\antlr4cpp-vs2022\commontoken.obj
c:\users\peyton\documents\dev\fortide\obj\x64\debug dll\antlr4cpp-vs2022\diagnosticerrorlistener.obj
c:\users\peyton\documents\dev\fortide\obj\x64\debug dll\antlr4cpp-vs2022\lexernoviablealtexception.obj
c:\users\peyton\documents\dev\fortide\obj\x64\debug dll\antlr4cpp-vs2022\parser.obj
c:\users\peyton\documents\dev\fortide\obj\x64\debug dll\antlr4cpp-vs2022\stringutils.obj
c:\users\peyton\documents\dev\fortide\obj\x64\debug dll\antlr4cpp-vs2022\parsetree.obj
c:\users\peyton\documents\dev\fortide\obj\x64\debug dll\antlr4cpp-vs2022\parsetreematch.obj
c:\users\peyton\documents\dev\fortide\obj\x64\debug dll\antlr4cpp-vs2022\trees.obj
c:\users\peyton\documents\dev\fortide\obj\x64\debug dll\antlr4cpp-vs2022\xpathwildcardanywhereelement.obj
c:\users\peyton\documents\dev\fortide\obj\x64\debug dll\antlr4cpp-vs2022\actiontransition.obj
c:\users\peyton\documents\dev\fortide\obj\x64\debug dll\antlr4cpp-vs2022\atnconfigset.obj
c:\users\peyton\documents\dev\fortide\obj\x64\debug dll\antlr4cpp-vs2022\errorinfo.obj
c:\users\peyton\documents\dev\fortide\obj\x64\debug dll\antlr4cpp-vs2022\lexerpopmodeaction.obj
c:\users\peyton\documents\dev\fortide\obj\x64\debug dll\antlr4cpp-vs2022\parseinfo.obj
c:\users\peyton\documents\dev\fortide\obj\x64\debug dll\antlr4cpp-vs2022\predictionmode.obj
c:\users\peyton\documents\dev\fortide\obj\x64\debug dll\antlr4cpp-vs2022\wildcardtransition.obj
c:\users\peyton\documents\dev\fortide\obj\x64\debug dll\antlr4cpp-vs2022\commontokenstream.obj
c:\users\peyton\documents\dev\fortide\obj\x64\debug dll\antlr4cpp-vs2022\exceptions.obj
c:\users\peyton\documents\dev\fortide\obj\x64\debug dll\antlr4cpp-vs2022\lexer.obj
c:\users\peyton\documents\dev\fortide\obj\x64\debug dll\antlr4cpp-vs2022\predicate.obj
c:\users\peyton\documents\dev\fortide\obj\x64\debug dll\antlr4cpp-vs2022\rulecontext.obj
c:\users\peyton\documents\dev\fortide\obj\x64\debug dll\antlr4cpp-vs2022\token.obj
c:\users\peyton\documents\dev\fortide\obj\x64\debug dll\antlr4cpp-vs2022\parsetreelistener.obj
c:\users\peyton\documents\dev\fortide\obj\x64\debug dll\antlr4cpp-vs2022\tagchunk.obj
c:\users\peyton\documents\dev\fortide\obj\x64\debug dll\antlr4cpp-vs2022\xpathlexer.obj
c:\users\peyton\documents\dev\fortide\obj\x64\debug dll\antlr4cpp-vs2022\ambiguityinfo.obj
c:\users\peyton\documents\dev\fortide\obj\x64\debug dll\antlr4cpp-vs2022\atnstate.obj
c:\users\peyton\documents\dev\fortide\obj\x64\debug dll\antlr4cpp-vs2022\decisioninfo.obj
c:\users\peyton\documents\dev\fortide\obj\x64\debug dll\antlr4cpp-vs2022\lexerchannelaction.obj
c:\users\peyton\documents\dev\fortide\obj\x64\debug dll\antlr4cpp-vs2022\lexerskipaction.obj
c:\users\peyton\documents\dev\fortide\obj\x64\debug dll\antlr4cpp-vs2022\predicatetransition.obj
c:\users\peyton\documents\dev\fortide\obj\x64\debug dll\antlr4cpp-vs2022\semanticcontext.obj
c:\users\peyton\documents\dev\fortide\obj\x64\debug dll\antlr4cpp-vs2022\baseerrorlistener.obj
c:\users\peyton\documents\dev\fortide\obj\x64\debug dll\antlr4cpp-vs2022\dfa.obj
c:\users\peyton\documents\dev\fortide\obj\x64\debug dll\antlr4cpp-vs2022\synchronization.obj
c:\users\peyton\documents\dev\fortide\obj\x64\debug dll\antlr4cpp-vs2022\interval.obj
c:\users\peyton\documents\dev\fortide\obj\x64\debug dll\antlr4cpp-vs2022\parserrulecontext.obj
c:\users\peyton\documents\dev\fortide\obj\x64\debug dll\antlr4cpp-vs2022\any.obj
c:\users\peyton\documents\dev\fortide\obj\x64\debug dll\antlr4cpp-vs2022\tokenstreamrewriter.obj
c:\users\peyton\documents\dev\fortide\obj\x64\debug dll\antlr4cpp-vs2022\ruletagtoken.obj
c:\users\peyton\documents\dev\fortide\obj\x64\debug dll\antlr4cpp-vs2022\xpathelement.obj
c:\users\peyton\documents\dev\fortide\obj\x64\debug dll\antlr4cpp-vs2022\xpathtokenelement.obj
c:\users\peyton\documents\dev\fortide\obj\x64\debug dll\antlr4cpp-vs2022\antlrerrorstrategy.obj
c:\users\peyton\documents\dev\fortide\obj\x64\debug dll\antlr4cpp-vs2022\atnconfig.obj
c:\users\peyton\documents\dev\fortide\obj\x64\debug dll\antlr4cpp-vs2022\decisionstate.obj
c:\users\peyton\documents\dev\fortide\obj\x64\debug dll\antlr4cpp-vs2022\lexerindexedcustomaction.obj
c:\users\peyton\documents\dev\fortide\obj\x64\debug dll\antlr4cpp-vs2022\lookaheadeventinfo.obj
c:\users\peyton\documents\dev\fortide\obj\x64\debug dll\antlr4cpp-vs2022\precedencepredicatetransition.obj
c:\users\peyton\documents\dev\fortide\obj\x64\debug dll\antlr4cpp-vs2022\profilingatnsimulator.obj
c:\users\peyton\documents\dev\fortide\obj\x64\debug dll\antlr4cpp-vs2022\charstream.obj
c:\users\peyton\documents\dev\fortide\obj\x64\debug dll\antlr4cpp-vs2022\dfaserializer.obj
c:\users\peyton\documents\dev\fortide\obj\x64\debug dll\antlr4cpp-vs2022\intstream.obj
c:\users\peyton\documents\dev\fortide\obj\x64\debug dll\antlr4cpp-vs2022\intervalset.obj
c:\users\peyton\documents\dev\fortide\obj\x64\debug dll\antlr4cpp-vs2022\recognizer.obj
c:\users\peyton\documents\dev\fortide\obj\x64\debug dll\antlr4cpp-vs2022\utf8.obj
c:\users\peyton\documents\dev\fortide\obj\x64\debug dll\antlr4cpp-vs2022\parsetreevisitor.obj
c:\users\peyton\documents\dev\fortide\obj\x64\debug dll\antlr4cpp-vs2022\textchunk.obj
c:\users\peyton\documents\dev\fortide\obj\x64\debug dll\antlr4cpp-vs2022\xpathlexererrorlistener.obj
c:\users\peyton\documents\dev\fortide\obj\x64\debug dll\antlr4cpp-vs2022\xpathwildcardelement.obj
c:\users\peyton\documents\dev\fortide\obj\x64\debug dll\antlr4cpp-vs2022\antlrinputstream.obj
c:\users\peyton\documents\dev\fortide\obj\x64\debug dll\antlr4cpp-vs2022\atnsimulator.obj
c:\users\peyton\documents\dev\fortide\obj\x64\debug dll\antlr4cpp-vs2022\lexeractionexecutor.obj
c:\users\peyton\documents\dev\fortide\obj\x64\debug dll\antlr4cpp-vs2022\lexermoreaction.obj
c:\users\peyton\documents\dev\fortide\obj\x64\debug dll\antlr4cpp-vs2022\notsettransition.obj
c:\users\peyton\documents\dev\fortide\obj\x64\debug dll\antlr4cpp-vs2022\predicateevalinfo.obj
c:\users\peyton\documents\dev\fortide\obj\x64\debug dll\antlr4cpp-vs2022\rangetransition.obj
c:\users\peyton\documents\dev\fortide\obj\x64\debug dll\antlr4cpp-vs2022\transition.obj
c:\users\peyton\documents\dev\fortide\obj\x64\debug dll\antlr4cpp-vs2022\consoleerrorlistener.obj
c:\users\peyton\documents\dev\fortide\obj\x64\debug dll\antlr4cpp-vs2022\failedpredicateexception.obj
c:\users\peyton\documents\dev\fortide\obj\x64\debug dll\antlr4cpp-vs2022\listtokensource.obj
c:\users\peyton\documents\dev\fortide\obj\x64\debug dll\antlr4cpp-vs2022\noviablealtexception.obj
c:\users\peyton\documents\dev\fortide\obj\x64\debug dll\antlr4cpp-vs2022\rulecontextwithaltnum.obj
c:\users\peyton\documents\dev\fortide\obj\x64\debug dll\antlr4cpp-vs2022\tokenstream.obj
c:\users\peyton\documents\dev\fortide\obj\x64\debug dll\antlr4cpp-vs2022\chunk.obj
c:\users\peyton\documents\dev\fortide\obj\x64\debug dll\antlr4cpp-vs2022\tokentagtoken.obj
c:\users\peyton\documents\dev\fortide\obj\x64\debug dll\antlr4cpp-vs2022\xpathruleelement.obj
c:\users\peyton\documents\dev\fortide\obj\x64\debug dll\antlr4cpp-vs2022\unbufferedtokenstream.obj
c:\users\peyton\documents\dev\fortide\obj\x64\debug dll\antlr4cpp-vs2022\vc143.pdb
c:\users\peyton\documents\dev\fortide\x64\debug\antlr4-runtime.dll
c:\users\peyton\documents\dev\fortide\x64\debug\antlr4-runtime.pdb
c:\users\peyton\documents\dev\fortide\x64\debug\antlr4-runtime.lib
c:\users\peyton\documents\dev\fortide\x64\debug\antlr4-runtime.exp
c:\users\peyton\documents\dev\fortide\obj\x64\debug dll\antlr4cpp-vs2022\antlr4-runtime.ilk
c:\users\peyton\documents\dev\fortide\obj\x64\debug dll\antlr4cpp-vs2022\vc143.idb
c:\users\peyton\documents\dev\fortide\obj\x64\debug dll\antlr4cpp-vs2022\actiontransition.nativecodeanalysis.xml
c:\users\peyton\documents\dev\fortide\obj\x64\debug dll\antlr4cpp-vs2022\ambiguityinfo.nativecodeanalysis.xml
c:\users\peyton\documents\dev\fortide\obj\x64\debug dll\antlr4cpp-vs2022\antlrerrorlistener.nativecodeanalysis.xml
c:\users\peyton\documents\dev\fortide\obj\x64\debug dll\antlr4cpp-vs2022\antlrerrorstrategy.nativecodeanalysis.xml
c:\users\peyton\documents\dev\fortide\obj\x64\debug dll\antlr4cpp-vs2022\antlrfilestream.nativecodeanalysis.xml
c:\users\peyton\documents\dev\fortide\obj\x64\debug dll\antlr4cpp-vs2022\antlrinputstream.nativecodeanalysis.xml
c:\users\peyton\documents\dev\fortide\obj\x64\debug dll\antlr4cpp-vs2022\any.nativecodeanalysis.xml
c:\users\peyton\documents\dev\fortide\obj\x64\debug dll\antlr4cpp-vs2022\arraypredictioncontext.nativecodeanalysis.xml
c:\users\peyton\documents\dev\fortide\obj\x64\debug dll\antlr4cpp-vs2022\arrays.nativecodeanalysis.xml
c:\users\peyton\documents\dev\fortide\obj\x64\debug dll\antlr4cpp-vs2022\atn.nativecodeanalysis.xml
c:\users\peyton\documents\dev\fortide\obj\x64\debug dll\antlr4cpp-vs2022\atnconfig.nativecodeanalysis.xml
c:\users\peyton\documents\dev\fortide\obj\x64\debug dll\antlr4cpp-vs2022\atnconfigset.nativecodeanalysis.xml
c:\users\peyton\documents\dev\fortide\obj\x64\debug dll\antlr4cpp-vs2022\atndeserializationoptions.nativecodeanalysis.xml
c:\users\peyton\documents\dev\fortide\obj\x64\debug dll\antlr4cpp-vs2022\atndeserializer.nativecodeanalysis.xml
c:\users\peyton\documents\dev\fortide\obj\x64\debug dll\antlr4cpp-vs2022\atnsimulator.nativecodeanalysis.xml
c:\users\peyton\documents\dev\fortide\obj\x64\debug dll\antlr4cpp-vs2022\atnstate.nativecodeanalysis.xml
c:\users\peyton\documents\dev\fortide\obj\x64\debug dll\antlr4cpp-vs2022\atomtransition.nativecodeanalysis.xml
c:\users\peyton\documents\dev\fortide\obj\x64\debug dll\antlr4cpp-vs2022\bailerrorstrategy.nativecodeanalysis.xml
c:\users\peyton\documents\dev\fortide\obj\x64\debug dll\antlr4cpp-vs2022\baseerrorlistener.nativecodeanalysis.xml
c:\users\peyton\documents\dev\fortide\obj\x64\debug dll\antlr4cpp-vs2022\bufferedtokenstream.nativecodeanalysis.xml
c:\users\peyton\documents\dev\fortide\obj\x64\debug dll\antlr4cpp-vs2022\charstream.nativecodeanalysis.xml
c:\users\peyton\documents\dev\fortide\obj\x64\debug dll\antlr4cpp-vs2022\chunk.nativecodeanalysis.xml
c:\users\peyton\documents\dev\fortide\obj\x64\debug dll\antlr4cpp-vs2022\commontoken.nativecodeanalysis.xml
c:\users\peyton\documents\dev\fortide\obj\x64\debug dll\antlr4cpp-vs2022\commontokenfactory.nativecodeanalysis.xml
c:\users\peyton\documents\dev\fortide\obj\x64\debug dll\antlr4cpp-vs2022\commontokenstream.nativecodeanalysis.xml
c:\users\peyton\documents\dev\fortide\obj\x64\debug dll\antlr4cpp-vs2022\consoleerrorlistener.nativecodeanalysis.xml
c:\users\peyton\documents\dev\fortide\obj\x64\debug dll\antlr4cpp-vs2022\contextsensitivityinfo.nativecodeanalysis.xml
c:\users\peyton\documents\dev\fortide\obj\x64\debug dll\antlr4cpp-vs2022\cpputils.nativecodeanalysis.xml
c:\users\peyton\documents\dev\fortide\obj\x64\debug dll\antlr4cpp-vs2022\decisioneventinfo.nativecodeanalysis.xml
c:\users\peyton\documents\dev\fortide\obj\x64\debug dll\antlr4cpp-vs2022\decisioninfo.nativecodeanalysis.xml
c:\users\peyton\documents\dev\fortide\obj\x64\debug dll\antlr4cpp-vs2022\decisionstate.nativecodeanalysis.xml
c:\users\peyton\documents\dev\fortide\obj\x64\debug dll\antlr4cpp-vs2022\defaulterrorstrategy.nativecodeanalysis.xml
c:\users\peyton\documents\dev\fortide\obj\x64\debug dll\antlr4cpp-vs2022\dfa.nativecodeanalysis.xml
c:\users\peyton\documents\dev\fortide\obj\x64\debug dll\antlr4cpp-vs2022\dfaserializer.nativecodeanalysis.xml
c:\users\peyton\documents\dev\fortide\obj\x64\debug dll\antlr4cpp-vs2022\dfastate.nativecodeanalysis.xml
c:\users\peyton\documents\dev\fortide\obj\x64\debug dll\antlr4cpp-vs2022\diagnosticerrorlistener.nativecodeanalysis.xml
c:\users\peyton\documents\dev\fortide\obj\x64\debug dll\antlr4cpp-vs2022\epsilontransition.nativecodeanalysis.xml
c:\users\peyton\documents\dev\fortide\obj\x64\debug dll\antlr4cpp-vs2022\errorinfo.nativecodeanalysis.xml
c:\users\peyton\documents\dev\fortide\obj\x64\debug dll\antlr4cpp-vs2022\errornodeimpl.nativecodeanalysis.xml
c:\users\peyton\documents\dev\fortide\obj\x64\debug dll\antlr4cpp-vs2022\exceptions.nativecodeanalysis.xml
c:\users\peyton\documents\dev\fortide\obj\x64\debug dll\antlr4cpp-vs2022\failedpredicateexception.nativecodeanalysis.xml
c:\users\peyton\documents\dev\fortide\obj\x64\debug dll\antlr4cpp-vs2022\inputmismatchexception.nativecodeanalysis.xml
c:\users\peyton\documents\dev\fortide\obj\x64\debug dll\antlr4cpp-vs2022\interpreterdatareader.nativecodeanalysis.xml
c:\users\peyton\documents\dev\fortide\obj\x64\debug dll\antlr4cpp-vs2022\interpreterrulecontext.nativecodeanalysis.xml
c:\users\peyton\documents\dev\fortide\obj\x64\debug dll\antlr4cpp-vs2022\interval.nativecodeanalysis.xml
c:\users\peyton\documents\dev\fortide\obj\x64\debug dll\antlr4cpp-vs2022\intervalset.nativecodeanalysis.xml
c:\users\peyton\documents\dev\fortide\obj\x64\debug dll\antlr4cpp-vs2022\intstream.nativecodeanalysis.xml
c:\users\peyton\documents\dev\fortide\obj\x64\debug dll\antlr4cpp-vs2022\iterativeparsetreewalker.nativecodeanalysis.xml
c:\users\peyton\documents\dev\fortide\obj\x64\debug dll\antlr4cpp-vs2022\lexer.nativecodeanalysis.xml
c:\users\peyton\documents\dev\fortide\obj\x64\debug dll\antlr4cpp-vs2022\lexeraction.nativecodeanalysis.xml
c:\users\peyton\documents\dev\fortide\obj\x64\debug dll\antlr4cpp-vs2022\lexeractionexecutor.nativecodeanalysis.xml
c:\users\peyton\documents\dev\fortide\obj\x64\debug dll\antlr4cpp-vs2022\lexeratnconfig.nativecodeanalysis.xml
c:\users\peyton\documents\dev\fortide\obj\x64\debug dll\antlr4cpp-vs2022\lexeratnsimulator.nativecodeanalysis.xml
c:\users\peyton\documents\dev\fortide\obj\x64\debug dll\antlr4cpp-vs2022\lexerchannelaction.nativecodeanalysis.xml
c:\users\peyton\documents\dev\fortide\obj\x64\debug dll\antlr4cpp-vs2022\lexercustomaction.nativecodeanalysis.xml
c:\users\peyton\documents\dev\fortide\obj\x64\debug dll\antlr4cpp-vs2022\lexerdfaserializer.nativecodeanalysis.xml
c:\users\peyton\documents\dev\fortide\obj\x64\debug dll\antlr4cpp-vs2022\lexerindexedcustomaction.nativecodeanalysis.xml
c:\users\peyton\documents\dev\fortide\obj\x64\debug dll\antlr4cpp-vs2022\lexerinterpreter.nativecodeanalysis.xml
c:\users\peyton\documents\dev\fortide\obj\x64\debug dll\antlr4cpp-vs2022\lexermodeaction.nativecodeanalysis.xml
c:\users\peyton\documents\dev\fortide\obj\x64\debug dll\antlr4cpp-vs2022\lexermoreaction.nativecodeanalysis.xml
c:\users\peyton\documents\dev\fortide\obj\x64\debug dll\antlr4cpp-vs2022\lexernoviablealtexception.nativecodeanalysis.xml
c:\users\peyton\documents\dev\fortide\obj\x64\debug dll\antlr4cpp-vs2022\lexerpopmodeaction.nativecodeanalysis.xml
c:\users\peyton\documents\dev\fortide\obj\x64\debug dll\antlr4cpp-vs2022\lexerpushmodeaction.nativecodeanalysis.xml
c:\users\peyton\documents\dev\fortide\obj\x64\debug dll\antlr4cpp-vs2022\lexerskipaction.nativecodeanalysis.xml
c:\users\peyton\documents\dev\fortide\obj\x64\debug dll\antlr4cpp-vs2022\lexertypeaction.nativecodeanalysis.xml
c:\users\peyton\documents\dev\fortide\obj\x64\debug dll\antlr4cpp-vs2022\listtokensource.nativecodeanalysis.xml
c:\users\peyton\documents\dev\fortide\obj\x64\debug dll\antlr4cpp-vs2022\ll1analyzer.nativecodeanalysis.xml
c:\users\peyton\documents\dev\fortide\obj\x64\debug dll\antlr4cpp-vs2022\lookaheadeventinfo.nativecodeanalysis.xml
c:\users\peyton\documents\dev\fortide\obj\x64\debug dll\antlr4cpp-vs2022\murmurhash.nativecodeanalysis.xml
c:\users\peyton\documents\dev\fortide\obj\x64\debug dll\antlr4cpp-vs2022\notsettransition.nativecodeanalysis.xml
c:\users\peyton\documents\dev\fortide\obj\x64\debug dll\antlr4cpp-vs2022\noviablealtexception.nativecodeanalysis.xml
c:\users\peyton\documents\dev\fortide\obj\x64\debug dll\antlr4cpp-vs2022\orderedatnconfigset.nativecodeanalysis.xml
c:\users\peyton\documents\dev\fortide\obj\x64\debug dll\antlr4cpp-vs2022\parseinfo.nativecodeanalysis.xml
c:\users\peyton\documents\dev\fortide\obj\x64\debug dll\antlr4cpp-vs2022\parser.nativecodeanalysis.xml
c:\users\peyton\documents\dev\fortide\obj\x64\debug dll\antlr4cpp-vs2022\parseratnsimulator.nativecodeanalysis.xml
c:\users\peyton\documents\dev\fortide\obj\x64\debug dll\antlr4cpp-vs2022\parserinterpreter.nativecodeanalysis.xml
c:\users\peyton\documents\dev\fortide\obj\x64\debug dll\antlr4cpp-vs2022\parserrulecontext.nativecodeanalysis.xml
c:\users\peyton\documents\dev\fortide\obj\x64\debug dll\antlr4cpp-vs2022\parsetree.nativecodeanalysis.xml
c:\users\peyton\documents\dev\fortide\obj\x64\debug dll\antlr4cpp-vs2022\parsetreelistener.nativecodeanalysis.xml
c:\users\peyton\documents\dev\fortide\obj\x64\debug dll\antlr4cpp-vs2022\parsetreematch.nativecodeanalysis.xml
c:\users\peyton\documents\dev\fortide\obj\x64\debug dll\antlr4cpp-vs2022\parsetreepattern.nativecodeanalysis.xml
c:\users\peyton\documents\dev\fortide\obj\x64\debug dll\antlr4cpp-vs2022\parsetreepatternmatcher.nativecodeanalysis.xml
c:\users\peyton\documents\dev\fortide\obj\x64\debug dll\antlr4cpp-vs2022\parsetreevisitor.nativecodeanalysis.xml
c:\users\peyton\documents\dev\fortide\obj\x64\debug dll\antlr4cpp-vs2022\parsetreewalker.nativecodeanalysis.xml
c:\users\peyton\documents\dev\fortide\obj\x64\debug dll\antlr4cpp-vs2022\precedencepredicatetransition.nativecodeanalysis.xml
c:\users\peyton\documents\dev\fortide\obj\x64\debug dll\antlr4cpp-vs2022\predicate.nativecodeanalysis.xml
c:\users\peyton\documents\dev\fortide\obj\x64\debug dll\antlr4cpp-vs2022\predicateevalinfo.nativecodeanalysis.xml
c:\users\peyton\documents\dev\fortide\obj\x64\debug dll\antlr4cpp-vs2022\predicatetransition.nativecodeanalysis.xml
c:\users\peyton\documents\dev\fortide\obj\x64\debug dll\antlr4cpp-vs2022\predictioncontext.nativecodeanalysis.xml
c:\users\peyton\documents\dev\fortide\obj\x64\debug dll\antlr4cpp-vs2022\predictioncontextcache.nativecodeanalysis.xml
c:\users\peyton\documents\dev\fortide\obj\x64\debug dll\antlr4cpp-vs2022\predictioncontextmergecache.nativecodeanalysis.xml
c:\users\peyton\documents\dev\fortide\obj\x64\debug dll\antlr4cpp-vs2022\predictionmode.nativecodeanalysis.xml
c:\users\peyton\documents\dev\fortide\obj\x64\debug dll\antlr4cpp-vs2022\profilingatnsimulator.nativecodeanalysis.xml
c:\users\peyton\documents\dev\fortide\obj\x64\debug dll\antlr4cpp-vs2022\proxyerrorlistener.nativecodeanalysis.xml
c:\users\peyton\documents\dev\fortide\obj\x64\debug dll\antlr4cpp-vs2022\rangetransition.nativecodeanalysis.xml
c:\users\peyton\documents\dev\fortide\obj\x64\debug dll\antlr4cpp-vs2022\recognitionexception.nativecodeanalysis.xml
c:\users\peyton\documents\dev\fortide\obj\x64\debug dll\antlr4cpp-vs2022\recognizer.nativecodeanalysis.xml
c:\users\peyton\documents\dev\fortide\obj\x64\debug dll\antlr4cpp-vs2022\rulecontext.nativecodeanalysis.xml
c:\users\peyton\documents\dev\fortide\obj\x64\debug dll\antlr4cpp-vs2022\rulecontextwithaltnum.nativecodeanalysis.xml
c:\users\peyton\documents\dev\fortide\obj\x64\debug dll\antlr4cpp-vs2022\ruletagtoken.nativecodeanalysis.xml
c:\users\peyton\documents\dev\fortide\obj\x64\debug dll\antlr4cpp-vs2022\ruletransition.nativecodeanalysis.xml
c:\users\peyton\documents\dev\fortide\obj\x64\debug dll\antlr4cpp-vs2022\runtimemetadata.nativecodeanalysis.xml
c:\users\peyton\documents\dev\fortide\obj\x64\debug dll\antlr4cpp-vs2022\semanticcontext.nativecodeanalysis.xml
c:\users\peyton\documents\dev\fortide\obj\x64\debug dll\antlr4cpp-vs2022\settransition.nativecodeanalysis.xml
c:\users\peyton\documents\dev\fortide\obj\x64\debug dll\antlr4cpp-vs2022\singletonpredictioncontext.nativecodeanalysis.xml
c:\users\peyton\documents\dev\fortide\obj\x64\debug dll\antlr4cpp-vs2022\starloopbackstate.nativecodeanalysis.xml
c:\users\peyton\documents\dev\fortide\obj\x64\debug dll\antlr4cpp-vs2022\stringutils.nativecodeanalysis.xml
c:\users\peyton\documents\dev\fortide\obj\x64\debug dll\antlr4cpp-vs2022\synchronization.nativecodeanalysis.xml
c:\users\peyton\documents\dev\fortide\obj\x64\debug dll\antlr4cpp-vs2022\tagchunk.nativecodeanalysis.xml
c:\users\peyton\documents\dev\fortide\obj\x64\debug dll\antlr4cpp-vs2022\terminalnodeimpl.nativecodeanalysis.xml
c:\users\peyton\documents\dev\fortide\obj\x64\debug dll\antlr4cpp-vs2022\textchunk.nativecodeanalysis.xml
c:\users\peyton\documents\dev\fortide\obj\x64\debug dll\antlr4cpp-vs2022\token.nativecodeanalysis.xml
c:\users\peyton\documents\dev\fortide\obj\x64\debug dll\antlr4cpp-vs2022\tokensource.nativecodeanalysis.xml
c:\users\peyton\documents\dev\fortide\obj\x64\debug dll\antlr4cpp-vs2022\tokenstream.nativecodeanalysis.xml
c:\users\peyton\documents\dev\fortide\obj\x64\debug dll\antlr4cpp-vs2022\tokenstreamrewriter.nativecodeanalysis.xml
c:\users\peyton\documents\dev\fortide\obj\x64\debug dll\antlr4cpp-vs2022\tokentagtoken.nativecodeanalysis.xml
c:\users\peyton\documents\dev\fortide\obj\x64\debug dll\antlr4cpp-vs2022\transition.nativecodeanalysis.xml
c:\users\peyton\documents\dev\fortide\obj\x64\debug dll\antlr4cpp-vs2022\trees.nativecodeanalysis.xml
c:\users\peyton\documents\dev\fortide\obj\x64\debug dll\antlr4cpp-vs2022\unbufferedcharstream.nativecodeanalysis.xml
c:\users\peyton\documents\dev\fortide\obj\x64\debug dll\antlr4cpp-vs2022\unbufferedtokenstream.nativecodeanalysis.xml
c:\users\peyton\documents\dev\fortide\obj\x64\debug dll\antlr4cpp-vs2022\utf8.nativecodeanalysis.xml
c:\users\peyton\documents\dev\fortide\obj\x64\debug dll\antlr4cpp-vs2022\vc.nativecodeanalysis.all.xml
c:\users\peyton\documents\dev\fortide\obj\x64\debug dll\antlr4cpp-vs2022\vocabulary.nativecodeanalysis.xml
c:\users\peyton\documents\dev\fortide\obj\x64\debug dll\antlr4cpp-vs2022\wildcardtransition.nativecodeanalysis.xml
c:\users\peyton\documents\dev\fortide\obj\x64\debug dll\antlr4cpp-vs2022\writabletoken.nativecodeanalysis.xml
c:\users\peyton\documents\dev\fortide\obj\x64\debug dll\antlr4cpp-vs2022\xpath.nativecodeanalysis.xml
c:\users\peyton\documents\dev\fortide\obj\x64\debug dll\antlr4cpp-vs2022\xpathelement.nativecodeanalysis.xml
c:\users\peyton\documents\dev\fortide\obj\x64\debug dll\antlr4cpp-vs2022\xpathlexer.nativecodeanalysis.xml
c:\users\peyton\documents\dev\fortide\obj\x64\debug dll\antlr4cpp-vs2022\xpathlexererrorlistener.nativecodeanalysis.xml
c:\users\peyton\documents\dev\fortide\obj\x64\debug dll\antlr4cpp-vs2022\xpathruleanywhereelement.nativecodeanalysis.xml
c:\users\peyton\documents\dev\fortide\obj\x64\debug dll\antlr4cpp-vs2022\xpathruleelement.nativecodeanalysis.xml
c:\users\peyton\documents\dev\fortide\obj\x64\debug dll\antlr4cpp-vs2022\xpathtokenanywhereelement.nativecodeanalysis.xml
c:\users\peyton\documents\dev\fortide\obj\x64\debug dll\antlr4cpp-vs2022\xpathtokenelement.nativecodeanalysis.xml
c:\users\peyton\documents\dev\fortide\obj\x64\debug dll\antlr4cpp-vs2022\xpathwildcardanywhereelement.nativecodeanalysis.xml
c:\users\peyton\documents\dev\fortide\obj\x64\debug dll\antlr4cpp-vs2022\xpathwildcardelement.nativecodeanalysis.xml
c:\users\peyton\documents\dev\fortide\obj\x64\debug dll\antlr4cpp-vs2022\antlr4cpp-vs2022.vcxproj.filelistabsolute.txt
c:\users\peyton\documents\dev\fortide\obj\x64\debug dll\antlr4cpp-vs2022\antlr4cpp-vs2022.tlog\cl.10400.write.1.tlog
c:\users\peyton\documents\dev\fortide\obj\x64\debug dll\antlr4cpp-vs2022\antlr4cpp-vs2022.tlog\cl.command.1.tlog
c:\users\peyton\documents\dev\fortide\obj\x64\debug dll\antlr4cpp-vs2022\antlr4cpp-vs2022.tlog\cl.items.tlog
c:\users\peyton\documents\dev\fortide\obj\x64\debug dll\antlr4cpp-vs2022\antlr4cpp-vs2022.tlog\cl.read.1.tlog
c:\users\peyton\documents\dev\fortide\obj\x64\debug dll\antlr4cpp-vs2022\antlr4cpp-vs2022.tlog\link.command.1.tlog
c:\users\peyton\documents\dev\fortide\obj\x64\debug dll\antlr4cpp-vs2022\antlr4cpp-vs2022.tlog\link.read.1.tlog
c:\users\peyton\documents\dev\fortide\obj\x64\debug dll\antlr4cpp-vs2022\antlr4cpp-vs2022.tlog\link.secondary.1.tlog
c:\users\peyton\documents\dev\fortide\obj\x64\debug dll\antlr4cpp-vs2022\antlr4cpp-vs2022.tlog\link.write.1.tlog
